[0.128s] Invoking command in '/Users/mukuyo/Desktop/RI-AI/build/main': AMENT_PREFIX_PATH=/Users/mukuyo/Desktop/RI-AI/install/message_info:${AMENT_PREFIX_PATH} CMAKE_PREFIX_PATH=/Users/mukuyo/Desktop/RI-AI/install/message_info:${CMAKE_PREFIX_PATH} DYLD_LIBRARY_PATH=/Users/mukuyo/Desktop/RI-AI/install/message_info/lib:${DYLD_LIBRARY_PATH} PYTHONPATH=/Users/mukuyo/Desktop/RI-AI/install/message_info/lib/python3.8/site-packages:${PYTHONPATH} SHLVL=2 _=/usr/bin/env /usr/local/bin/cmake --build /Users/mukuyo/Desktop/RI-AI/build/main -- -j8 -l8
[0.503s] Scanning dependencies of target main
[0.641s] [ 33%] Building CXX object CMakeFiles/main.dir/src/game.cpp.o
[0.642s] [ 66%] Building CXX object CMakeFiles/main.dir/src/main.cpp.o
[3.285s] In file included from /Users/mukuyo/Desktop/RI-AI/src/main/src/game.cpp:6:
[3.286s] /Users/mukuyo/Desktop/RI-AI/src/main/src/game.hpp:22:14: warning: direct base 'rclcpp::Node' is inaccessible due to ambiguity:
[3.286s]     class Game -> rclcpp::Node
[3.286s]     class Game -> class Goalie -> rclcpp::Node [-Winaccessible-base]
[3.286s] class Game : public rclcpp::Node, public Goalie
[3.287s]              ^~~~~~~~~~~~~~~~~~~
[3.287s] In file included from /Users/mukuyo/Desktop/RI-AI/src/main/src/main.cpp:2:
[3.287s] /Users/mukuyo/Desktop/RI-AI/src/main/src/game.hpp:22:14: warning: direct base 'rclcpp::Node' is inaccessible due to ambiguity:
[3.287s]     class Game -> rclcpp::Node
[3.287s]     class Game -> class Goalie -> rclcpp::Node [-Winaccessible-base]
[3.287s] class Game : public rclcpp::Node, public Goalie
[3.287s]              ^~~~~~~~~~~~~~~~~~~
[3.323s] /Users/mukuyo/Desktop/RI-AI/src/main/src/game.cpp:11:7: error: call to implicitly-deleted default constructor of 'Goalie'
[3.324s] Game::Game() : Node("Masuo"){
[3.324s]       ^
[3.324s] /Users/mukuyo/Desktop/RI-AI/src/main/src/goalie.hpp:4:16: note: default constructor of 'Goalie' is implicitly deleted because base class 'rclcpp::Node' has no default constructor
[3.325s] class Goalie : public rclcpp::Node{
[3.325s]                ^
[3.325s] /Users/mukuyo/Desktop/RI-AI/src/main/src/game.cpp:12:20: error: non-static member 'create_publisher' found in multiple base-class subobjects of type 'rclcpp::Node':
[3.325s]     class Game -> rclcpp::Node
[3.325s]     class Game -> class Goalie -> rclcpp::Node
[3.326s]         publisher = this->create_publisher<message_info::msg::RobotCommands>("robot_commands",10); //grsimへのメッセージ
[3.326s]                           ^
[3.326s] /Users/mukuyo/ros2_ws/ros2-osx/include/rclcpp/node_impl.hpp:71:7: note: member found by ambiguous name lookup
[3.326s] Node::create_publisher(
[3.327s]       ^
[3.327s] /Users/mukuyo/Desktop/RI-AI/src/main/src/main.cpp:8:3: error: no matching function for call to 'spin'
[3.327s]   rclcpp::spin(node);
[3.327s]   ^~~~~~~~~~~~
[3.328s] /Users/mukuyo/ros2_ws/ros2-osx/include/rclcpp/executors.hpp:45:1: note: candidate function not viable: no known conversion from 'shared_ptr<Game>' to 'shared_ptr<rclcpp::node_interfaces::NodeBaseInterface>' for 1st argument
[3.328s] spin(rclcpp::node_interfaces::NodeBaseInterface::SharedPtr node_ptr);
[3.328s] ^
[3.328s] /Users/mukuyo/ros2_ws/ros2-osx/include/rclcpp/executors.hpp:49:1: note: candidate function not viable: no known conversion from 'shared_ptr<Game>' to 'shared_ptr<rclcpp::Node>' for 1st argument
[3.328s] spin(rclcpp::Node::SharedPtr node_ptr);
[3.328s] ^
[3.329s] /Users/mukuyo/Desktop/RI-AI/src/main/src/game.cpp:31:16: warning: unused variable 'field_width' [-Wunused-variable]
[3.329s]          float field_width = geometry_message->field_width;
[3.329s]                ^
[3.329s] /Users/mukuyo/Desktop/RI-AI/src/main/src/game.cpp:38:24: error: non-static member 'create_subscription' found in multiple base-class subobjects of type 'rclcpp::Node':
[3.329s]     class Game -> rclcpp::Node
[3.329s]     class Game -> class Goalie -> rclcpp::Node
[3.330s]     subscriber = this->create_subscription<message_info::msg::VisionDetections>("vision_detections",10,callback);
[3.330s]                        ^
[3.330s] /Users/mukuyo/ros2_ws/ros2-osx/include/rclcpp/node_impl.hpp:91:7: note: member found by ambiguous name lookup
[3.330s] Node::create_subscription(
[3.330s]       ^
[3.331s] /Users/mukuyo/Desktop/RI-AI/src/main/src/game.cpp:39:33: error: non-static member 'create_subscription' found in multiple base-class subobjects of type 'rclcpp::Node':
[3.331s]     class Game -> rclcpp::Node
[3.331s]     class Game -> class Goalie -> rclcpp::Node
[3.331s]     subscriber_geometry = this->create_subscription<message_info::msg::VisionGeometry>("vision_geometry",10,callback_geometry);
[3.331s]                                 ^
[3.332s] /Users/mukuyo/ros2_ws/ros2-osx/include/rclcpp/node_impl.hpp:91:7: note: member found by ambiguous name lookup
[3.332s] Node::create_subscription(
[3.332s]       ^
[3.332s] /Users/mukuyo/Desktop/RI-AI/src/main/src/game.cpp:40:14: error: non-static member 'create_wall_timer' found in multiple base-class subobjects of type 'rclcpp::Node':
[3.332s]     class Game -> rclcpp::Node
[3.333s]     class Game -> class Goalie -> rclcpp::Node
[3.334s]     timer_ = create_wall_timer(16ms, std::bind(&Game::timer_callback, this));
[3.335s]              ^
[3.335s] /Users/mukuyo/ros2_ws/ros2-osx/include/rclcpp/node_impl.hpp:109:7: note: member found by ambiguous name lookup
[3.335s] Node::create_wall_timer(
[3.335s]       ^
[3.898s] 1 warning and 1 error generated.
[3.913s] make[2]: *** [CMakeFiles/main.dir/src/main.cpp.o] Error 1
[3.913s] make[2]: *** Waiting for unfinished jobs....
[3.991s] 2 warnings and 5 errors generated.
[4.009s] make[2]: *** [CMakeFiles/main.dir/src/game.cpp.o] Error 1
[4.010s] make[1]: *** [CMakeFiles/main.dir/all] Error 2
[4.010s] make: *** [all] Error 2
[4.012s] Invoked command in '/Users/mukuyo/Desktop/RI-AI/build/main' returned '2': AMENT_PREFIX_PATH=/Users/mukuyo/Desktop/RI-AI/install/message_info:${AMENT_PREFIX_PATH} CMAKE_PREFIX_PATH=/Users/mukuyo/Desktop/RI-AI/install/message_info:${CMAKE_PREFIX_PATH} DYLD_LIBRARY_PATH=/Users/mukuyo/Desktop/RI-AI/install/message_info/lib:${DYLD_LIBRARY_PATH} PYTHONPATH=/Users/mukuyo/Desktop/RI-AI/install/message_info/lib/python3.8/site-packages:${PYTHONPATH} SHLVL=2 _=/usr/bin/env /usr/local/bin/cmake --build /Users/mukuyo/Desktop/RI-AI/build/main -- -j8 -l8
