[0.137s] Invoking command in '/Users/mukuyo/Desktop/RI-AI/build/main': CMAKE_PREFIX_PATH=/Users/mukuyo/Desktop/RI-AI/install/message_info:/Users/mukuyo/Desktop/RI-AI/install/sender:/Users/mukuyo/Desktop/RI-AI/install/reciever:/Users/mukuyo/Desktop/RI-AI/install/proto_info:/Users/mukuyo/Desktop/RI-AI/install/main:/Users/mukuyo/ros2_ws/ros2-osx DYLD_LIBRARY_PATH=/Users/mukuyo/Desktop/RI-AI/install/message_info/lib:/Users/mukuyo/Desktop/RI-AI/install/sender/lib:/Users/mukuyo/Desktop/RI-AI/install/proto_info/lib:/Users/mukuyo/ros2_ws/ros2-osx/opt/yaml_cpp_vendor/lib:/Users/mukuyo/ros2_ws/ros2-osx/opt/rviz_ogre_vendor/lib:/Users/mukuyo/ros2_ws/ros2-osx/lib PYTHONPATH=/Users/mukuyo/Desktop/RI-AI/install/message_info/lib/python3.8/site-packages:/Users/mukuyo/Desktop/RI-AI/install/sender/lib/python3.8/site-packages:/Users/mukuyo/Desktop/RI-AI/install/proto_info/lib/python3.8/site-packages:/Users/mukuyo/ros2_ws/ros2-osx/lib/python3.8/site-packages SHLVL=2 _=/usr/bin/env /usr/local/bin/cmake --build /Users/mukuyo/Desktop/RI-AI/build/main -- -j8 -l8
[0.741s] Scanning dependencies of target main
[1.012s] [ 16%] Building CXX object CMakeFiles/main.dir/src/main.cpp.o
[1.041s] [ 33%] Building CXX object CMakeFiles/main.dir/src/game.cpp.o
[1.083s] [ 50%] Building CXX object CMakeFiles/main.dir/src/attacker.cpp.o
[3.909s] In file included from /Users/mukuyo/Desktop/RI-AI/src/main/src/game.cpp:6:
[3.909s] In file included from /Users/mukuyo/Desktop/RI-AI/src/main/src/game.hpp:15:
[3.910s] /Users/mukuyo/Desktop/RI-AI/src/main/src/attacker.hpp:15:2: error: C++ requires a type specifier for all declarations
[3.910s]         main(message_info::msg::DetectionBall ball, message_info::msg::DetectionRobot robot, message_info::msg::GoalInfo goal, message_info::msg::RobotCommand & send_command); 
[3.911s]         ^
[3.911s] In file included from /Users/mukuyo/Desktop/RI-AI/src/main/src/game.cpp:6:
[3.911s] In file included from /Users/mukuyo/Desktop/RI-AI/src/main/src/game.hpp:16:
[3.911s] In file included from /Users/mukuyo/Desktop/RI-AI/src/main/src/goalie.hpp:2:
[3.911s] /Users/mukuyo/Desktop/RI-AI/src/main/src/calculate.hpp:11:7: error: redefinition of 'Calc'
[3.912s] class Calc{
[3.912s]       ^
[3.912s] /Users/mukuyo/Desktop/RI-AI/src/main/src/attacker.hpp:10:10: note: '/Users/mukuyo/Desktop/RI-AI/src/main/src/calculate.hpp' included multiple times, additional include site here
[3.913s] #include "calculate.hpp"
[3.913s]          ^
[3.913s] /Users/mukuyo/Desktop/RI-AI/src/main/src/goalie.hpp:2:10: note: '/Users/mukuyo/Desktop/RI-AI/src/main/src/calculate.hpp' included multiple times, additional include site here
[3.913s] #include "calculate.hpp"
[3.914s]          ^
[3.914s] /Users/mukuyo/Desktop/RI-AI/src/main/src/calculate.hpp:11:7: note: unguarded header; consider using #ifdef guards or #pragma once
[3.914s] class Calc{
[3.914s]       ^
[3.928s] In file included from /Users/mukuyo/Desktop/RI-AI/src/main/src/attacker.cpp:3:
[3.929s] /Users/mukuyo/Desktop/RI-AI/src/main/src/attacker.hpp:15:2: error: C++ requires a type specifier for all declarations
[3.929s]         main(message_info::msg::DetectionBall ball, message_info::msg::DetectionRobot robot, message_info::msg::GoalInfo goal, message_info::msg::RobotCommand & send_command); 
[3.929s]         ^
[3.947s] In file included from /Users/mukuyo/Desktop/RI-AI/src/main/src/main.cpp:2:
[3.948s] In file included from /Users/mukuyo/Desktop/RI-AI/src/main/src/game.hpp:15:
[3.948s] /Users/mukuyo/Desktop/RI-AI/src/main/src/attacker.hpp:15:2: error: C++ requires a type specifier for all declarations
[3.949s]         main(message_info::msg::DetectionBall ball, message_info::msg::DetectionRobot robot, message_info::msg::GoalInfo goal, message_info::msg::RobotCommand & send_command); 
[3.949s]         ^
[3.949s] In file included from /Users/mukuyo/Desktop/RI-AI/src/main/src/main.cpp:2:
[3.949s] In file included from /Users/mukuyo/Desktop/RI-AI/src/main/src/game.hpp:16:
[3.950s] In file included from /Users/mukuyo/Desktop/RI-AI/src/main/src/goalie.hpp:2:
[3.950s] /Users/mukuyo/Desktop/RI-AI/src/main/src/calculate.hpp:11:7: error: redefinition of 'Calc'
[3.950s] class Calc{
[3.950s]       ^
[3.951s] /Users/mukuyo/Desktop/RI-AI/src/main/src/attacker.hpp:10:10: note: '/Users/mukuyo/Desktop/RI-AI/src/main/src/calculate.hpp' included multiple times, additional include site here
[3.951s] #include "calculate.hpp"
[3.951s]          ^
[3.951s] /Users/mukuyo/Desktop/RI-AI/src/main/src/goalie.hpp:2:10: note: '/Users/mukuyo/Desktop/RI-AI/src/main/src/calculate.hpp' included multiple times, additional include site here
[3.951s] #include "calculate.hpp"
[3.951s]          ^
[3.952s] /Users/mukuyo/Desktop/RI-AI/src/main/src/calculate.hpp:11:7: note: unguarded header; consider using #ifdef guards or #pragma once
[3.952s] class Calc{
[3.952s]       ^
[3.952s] /Users/mukuyo/Desktop/RI-AI/src/main/src/game.cpp:31:16: warning: unused variable 'field_width' [-Wunused-variable]
[3.952s]          float field_width = geometry_message->field_width;
[3.953s]                ^
[4.555s] 1 error generated.
[4.581s] make[2]: *** [CMakeFiles/main.dir/src/attacker.cpp.o] Error 1
[4.582s] make[2]: *** Waiting for unfinished jobs....
[4.643s] 2 errors generated.
[4.666s] make[2]: *** [CMakeFiles/main.dir/src/main.cpp.o] Error 1
[6.880s] 1 warning and 2 errors generated.
[6.913s] make[2]: *** [CMakeFiles/main.dir/src/game.cpp.o] Error 1
[6.914s] make[1]: *** [CMakeFiles/main.dir/all] Error 2
[6.915s] make: *** [all] Error 2
[6.917s] Invoked command in '/Users/mukuyo/Desktop/RI-AI/build/main' returned '2': CMAKE_PREFIX_PATH=/Users/mukuyo/Desktop/RI-AI/install/message_info:/Users/mukuyo/Desktop/RI-AI/install/sender:/Users/mukuyo/Desktop/RI-AI/install/reciever:/Users/mukuyo/Desktop/RI-AI/install/proto_info:/Users/mukuyo/Desktop/RI-AI/install/main:/Users/mukuyo/ros2_ws/ros2-osx DYLD_LIBRARY_PATH=/Users/mukuyo/Desktop/RI-AI/install/message_info/lib:/Users/mukuyo/Desktop/RI-AI/install/sender/lib:/Users/mukuyo/Desktop/RI-AI/install/proto_info/lib:/Users/mukuyo/ros2_ws/ros2-osx/opt/yaml_cpp_vendor/lib:/Users/mukuyo/ros2_ws/ros2-osx/opt/rviz_ogre_vendor/lib:/Users/mukuyo/ros2_ws/ros2-osx/lib PYTHONPATH=/Users/mukuyo/Desktop/RI-AI/install/message_info/lib/python3.8/site-packages:/Users/mukuyo/Desktop/RI-AI/install/sender/lib/python3.8/site-packages:/Users/mukuyo/Desktop/RI-AI/install/proto_info/lib/python3.8/site-packages:/Users/mukuyo/ros2_ws/ros2-osx/lib/python3.8/site-packages SHLVL=2 _=/usr/bin/env /usr/local/bin/cmake --build /Users/mukuyo/Desktop/RI-AI/build/main -- -j8 -l8
