[0.139s] Invoking command in '/Users/mukuyo/Desktop/RI-AI/build/main': CMAKE_PREFIX_PATH=/Users/mukuyo/Desktop/RI-AI/install/message_info:/Users/mukuyo/Desktop/RI-AI/install/sender:/Users/mukuyo/Desktop/RI-AI/install/reciever:/Users/mukuyo/Desktop/RI-AI/install/proto_info:/Users/mukuyo/Desktop/RI-AI/install/main:/Users/mukuyo/ros2_ws/ros2-osx DYLD_LIBRARY_PATH=/Users/mukuyo/Desktop/RI-AI/install/message_info/lib:/Users/mukuyo/Desktop/RI-AI/install/sender/lib:/Users/mukuyo/Desktop/RI-AI/install/proto_info/lib:/Users/mukuyo/ros2_ws/ros2-osx/opt/yaml_cpp_vendor/lib:/Users/mukuyo/ros2_ws/ros2-osx/opt/rviz_ogre_vendor/lib:/Users/mukuyo/ros2_ws/ros2-osx/lib PYTHONPATH=/Users/mukuyo/Desktop/RI-AI/install/message_info/lib/python3.8/site-packages:/Users/mukuyo/Desktop/RI-AI/install/sender/lib/python3.8/site-packages:/Users/mukuyo/Desktop/RI-AI/install/proto_info/lib/python3.8/site-packages:/Users/mukuyo/ros2_ws/ros2-osx/lib/python3.8/site-packages SHLVL=2 _=/usr/bin/env /usr/local/bin/cmake --build /Users/mukuyo/Desktop/RI-AI/build/main -- -j8 -l8
[0.704s] Scanning dependencies of target main
[0.980s] [ 16%] Building CXX object CMakeFiles/main.dir/src/attacker.cpp.o
[0.995s] [ 33%] Building CXX object CMakeFiles/main.dir/src/game.cpp.o
[1.001s] [ 50%] Building CXX object CMakeFiles/main.dir/src/main.cpp.o
[3.717s] In file included from /Users/mukuyo/Desktop/RI-AI/src/main/src/main.cpp:2:
[3.717s] In file included from /Users/mukuyo/Desktop/RI-AI/src/main/src/game.hpp:16:
[3.717s] In file included from /Users/mukuyo/Desktop/RI-AI/src/main/src/goalie.hpp:2:
[3.717s] /Users/mukuyo/Desktop/RI-AI/src/main/src/calculate.hpp:11:7: error: redefinition of 'Calc'
[3.718s] class Calc{
[3.718s]       ^
[3.718s] /Users/mukuyo/Desktop/RI-AI/src/main/src/attacker.hpp:10:10: note: '/Users/mukuyo/Desktop/RI-AI/src/main/src/calculate.hpp' included multiple times, additional include site here
[3.718s] #include "calculate.hpp"
[3.719s]          ^
[3.719s] /Users/mukuyo/Desktop/RI-AI/src/main/src/goalie.hpp:2:10: note: '/Users/mukuyo/Desktop/RI-AI/src/main/src/calculate.hpp' included multiple times, additional include site here
[3.719s] #include "calculate.hpp"
[3.720s]          ^
[3.720s] /Users/mukuyo/Desktop/RI-AI/src/main/src/calculate.hpp:11:7: note: unguarded header; consider using #ifdef guards or #pragma once
[3.720s] class Calc{
[3.720s]       ^
[3.738s] /Users/mukuyo/Desktop/RI-AI/src/main/src/attacker.cpp:6:23: error: call to non-static member function without an object argument
[3.738s]         float degree = Calc::degree_atan2(ball.pose,robot.pose);
[3.738s]                        ~~~~~~^~~~~~~~~~~~
[3.739s] /Users/mukuyo/Desktop/RI-AI/src/main/src/attacker.cpp:7:17: error: call to non-static member function without an object argument
[3.739s]         degree = Calc::wrap_calc(degree);
[3.739s]                  ~~~~~~^~~~~~~~~
[3.758s] In file included from /Users/mukuyo/Desktop/RI-AI/src/main/src/game.cpp:6:
[3.758s] In file included from /Users/mukuyo/Desktop/RI-AI/src/main/src/game.hpp:16:
[3.759s] In file included from /Users/mukuyo/Desktop/RI-AI/src/main/src/goalie.hpp:2:
[3.759s] /Users/mukuyo/Desktop/RI-AI/src/main/src/calculate.hpp:11:7: error: redefinition of 'Calc'
[3.759s] class Calc{
[3.759s]       ^
[3.760s] /Users/mukuyo/Desktop/RI-AI/src/main/src/attacker.hpp:10:10: note: '/Users/mukuyo/Desktop/RI-AI/src/main/src/calculate.hpp' included multiple times, additional include site here
[3.760s] #include "calculate.hpp"
[3.760s]          ^
[3.760s] /Users/mukuyo/Desktop/RI-AI/src/main/src/goalie.hpp:2:10: note: '/Users/mukuyo/Desktop/RI-AI/src/main/src/calculate.hpp' included multiple times, additional include site here
[3.760s] #include "calculate.hpp"
[3.760s]          ^
[3.761s] /Users/mukuyo/Desktop/RI-AI/src/main/src/calculate.hpp:11:7: note: unguarded header; consider using #ifdef guards or #pragma once
[3.761s] class Calc{
[3.761s]       ^
[3.798s] /Users/mukuyo/Desktop/RI-AI/src/main/src/game.cpp:31:16: warning: unused variable 'field_width' [-Wunused-variable]
[3.798s]          float field_width = geometry_message->field_width;
[3.799s]                ^
[4.328s] 2 errors generated.
[4.344s] 1 error generated.
[4.345s] make[2]: *** [CMakeFiles/main.dir/src/attacker.cpp.o] Error 1
[4.346s] make[2]: *** Waiting for unfinished jobs....
[4.362s] make[2]: *** [CMakeFiles/main.dir/src/main.cpp.o] Error 1
[6.199s] 1 warning and 1 error generated.
[6.232s] make[2]: *** [CMakeFiles/main.dir/src/game.cpp.o] Error 1
[6.233s] make[1]: *** [CMakeFiles/main.dir/all] Error 2
[6.233s] make: *** [all] Error 2
[6.235s] Invoked command in '/Users/mukuyo/Desktop/RI-AI/build/main' returned '2': CMAKE_PREFIX_PATH=/Users/mukuyo/Desktop/RI-AI/install/message_info:/Users/mukuyo/Desktop/RI-AI/install/sender:/Users/mukuyo/Desktop/RI-AI/install/reciever:/Users/mukuyo/Desktop/RI-AI/install/proto_info:/Users/mukuyo/Desktop/RI-AI/install/main:/Users/mukuyo/ros2_ws/ros2-osx DYLD_LIBRARY_PATH=/Users/mukuyo/Desktop/RI-AI/install/message_info/lib:/Users/mukuyo/Desktop/RI-AI/install/sender/lib:/Users/mukuyo/Desktop/RI-AI/install/proto_info/lib:/Users/mukuyo/ros2_ws/ros2-osx/opt/yaml_cpp_vendor/lib:/Users/mukuyo/ros2_ws/ros2-osx/opt/rviz_ogre_vendor/lib:/Users/mukuyo/ros2_ws/ros2-osx/lib PYTHONPATH=/Users/mukuyo/Desktop/RI-AI/install/message_info/lib/python3.8/site-packages:/Users/mukuyo/Desktop/RI-AI/install/sender/lib/python3.8/site-packages:/Users/mukuyo/Desktop/RI-AI/install/proto_info/lib/python3.8/site-packages:/Users/mukuyo/ros2_ws/ros2-osx/lib/python3.8/site-packages SHLVL=2 _=/usr/bin/env /usr/local/bin/cmake --build /Users/mukuyo/Desktop/RI-AI/build/main -- -j8 -l8
