[0.000000] (-) TimerEvent: {}
[0.000286] (main) JobQueued: {'identifier': 'main', 'dependencies': OrderedDict()}
[0.000836] (main) JobStarted: {'identifier': 'main'}
[0.063734] (main) JobProgress: {'identifier': 'main', 'progress': 'cmake'}
[0.066990] (main) JobProgress: {'identifier': 'main', 'progress': 'build'}
[0.067528] (main) Command: {'cmd': ['/usr/local/bin/cmake', '--build', '/Users/mukuyo/RI-AI/src/main/build/main', '--', '-j8', '-l8'], 'cwd': '/Users/mukuyo/RI-AI/src/main/build/main', 'env': OrderedDict([('TERM_PROGRAM', 'Apple_Terminal'), ('SHELL', '/bin/zsh'), ('TERM', 'xterm-256color'), ('TMPDIR', '/var/folders/gd/nzkytg853t71yy2sknch_fh00000gn/T/'), ('TERM_PROGRAM_VERSION', '433'), ('OPENSSL_INCLUDE_DIR', '/usr/local/opt/openssl@1.1'), ('ROS_PYTHON_VERSION', '3'), ('ROS_VERSION', '2'), ('COLCON_PREFIX_PATH', '/Users/mukuyo/RI-AI/install:/Users/mukuyo/ros2_ws/ros2-osx'), ('TERM_SESSION_ID', 'AC5271D7-1864-454A-938E-C13878DEA07A'), ('AMENT_PREFIX_PATH', '/Users/mukuyo/RI-AI/install/sender:/Users/mukuyo/RI-AI/install/reciever:/Users/mukuyo/RI-AI/install/proto_info:/Users/mukuyo/RI-AI/install/main:/Users/mukuyo/RI-AI/install/message_info:/Users/mukuyo/ros2_ws/ros2-osx'), ('USER', 'mukuyo'), ('SSH_AUTH_SOCK', '/private/tmp/com.apple.launchd.9KduaiWhrJ/Listeners'), ('__CF_USER_TEXT_ENCODING', '0x1F5:0x1:0xE'), ('PATH', '/Users/mukuyo/ros2_ws/ros2-osx/bin:/usr/local/opt/python@3.8/bin:/usr/local/bin:/Library/Frameworks/Python.framework/Versions/3.8/bin:/usr/local/bin:/usr/bin:/bin:/usr/sbin:/sbin:/Applications/VMware Fusion.app/Contents/Public:/opt/X11/bin:/Library/Apple/usr/bin'), ('PWD', '/Users/mukuyo/RI-AI/src/main/build/main'), ('COLCON', '1'), ('LANG', 'ja_JP.UTF-8'), ('XPC_FLAGS', '0x0'), ('XPC_SERVICE_NAME', '0'), ('OPENSSL_ROOT_DIR', '/usr/local/opt/openssl@1.1'), ('SHLVL', '2'), ('HOME', '/Users/mukuyo'), ('ROS_DISTRO', 'foxy'), ('DYLD_LIBRARY_PATH', '/Users/mukuyo/RI-AI/install/sender/lib:/Users/mukuyo/RI-AI/install/proto_info/lib:/Users/mukuyo/RI-AI/install/message_info/lib:/Users/mukuyo/ros2_ws/ros2-osx/opt/yaml_cpp_vendor/lib:/Users/mukuyo/ros2_ws/ros2-osx/opt/rviz_ogre_vendor/lib:/Users/mukuyo/ros2_ws/ros2-osx/lib'), ('PYTHONPATH', '/Users/mukuyo/RI-AI/install/sender/lib/python3.8/site-packages:/Users/mukuyo/RI-AI/install/proto_info/lib/python3.8/site-packages:/Users/mukuyo/RI-AI/install/message_info/lib/python3.8/site-packages:/Users/mukuyo/ros2_ws/ros2-osx/lib/python3.8/site-packages'), ('LOGNAME', 'mukuyo'), ('PKG_CONFIG_PATH', '/Users/mukuyo/ros2_ws/ros2-osx/lib/pkgconfig'), ('CMAKE_PREFIX_PATH', '/Users/mukuyo/RI-AI/install/reciever:/Users/mukuyo/RI-AI/install/proto_info:/Users/mukuyo/RI-AI/install/main:/Users/mukuyo/RI-AI/install/message_info:/Users/mukuyo/ros2_ws/ros2-osx:/Users/mukuyo/RI-AI/install/sender'), ('DISPLAY', '/private/tmp/com.apple.launchd.6POVJug0h5/org.macosforge.xquartz:0'), ('ROS_LOCALHOST_ONLY', '0'), ('_', '/usr/bin/env')]), 'shell': False}
[0.104170] (-) TimerEvent: {}
[0.209183] (-) TimerEvent: {}
[0.277953] (main) StdoutLine: {'line': b'Scanning dependencies of target main\n'}
[0.309631] (-) TimerEvent: {}
[0.344367] (main) StdoutLine: {'line': b'[ 50%] Building CXX object CMakeFiles/main.dir/src/main.cpp.o\n'}
[0.409776] (-) TimerEvent: {}
[0.515071] (-) TimerEvent: {}
[0.617389] (-) TimerEvent: {}
[0.718551] (-) TimerEvent: {}
[0.824014] (-) TimerEvent: {}
[0.928642] (-) TimerEvent: {}
[1.033916] (-) TimerEvent: {}
[1.134353] (-) TimerEvent: {}
[1.234629] (-) TimerEvent: {}
[1.339943] (-) TimerEvent: {}
[1.363105] (main) StderrLine: {'line': b"/Users/mukuyo/RI-AI/src/main/src/main.cpp:16:16: error: no viable overloaded '='\n"}
[1.363603] (main) StderrLine: {'line': b'    subscriber = this->create_subscription<message_info::msg::VisionDetections>("vis",10,std::bind(&Main::callback,this,_1));\n'}
[1.363724] (main) StderrLine: {'line': b'    ~~~~~~~~~~ ^ ~~~~~~~~~~~~~~~~~~~~~~~~~~~~~~~~~~~~~~~~~~~~~~~~~~~~~~~~~~~~~~~~~~~~~~~~~~~~~~~~~~~~~~~~~~~~~~~~~~~~~~~~~~~\n'}
[1.363824] (main) StderrLine: {'line': b"/Library/Developer/CommandLineTools/usr/bin/../include/c++/v1/memory:3839:17: note: candidate function not viable: no known conversion from 'shared_ptr<Subscription<message_info::msg::RobotCommands_<std::__1::allocator<void> >, [...], MessageMemoryStrategy<message_info::msg::RobotCommands_<std::__1::allocator<void> >, [...]>>>' to 'const shared_ptr<Subscription<message_info::msg::VisionDetections_<std::__1::allocator<void> >, [...], MessageMemoryStrategy<message_info::msg::VisionDetections_<std::__1::allocator<void> >, [...]>>>' for 1st argument\n"}
[1.364151] (main) StderrLine: {'line': b'    shared_ptr& operator=(const shared_ptr& __r) _NOEXCEPT;\n'}
[1.364279] (main) StderrLine: {'line': b'                ^\n'}
[1.364380] (main) StderrLine: {'line': b"/Library/Developer/CommandLineTools/usr/bin/../include/c++/v1/memory:3850:17: note: candidate function not viable: no known conversion from 'shared_ptr<Subscription<message_info::msg::RobotCommands_<std::__1::allocator<void> >, [...], MessageMemoryStrategy<message_info::msg::RobotCommands_<std::__1::allocator<void> >, [...]>>>' to 'shared_ptr<Subscription<message_info::msg::VisionDetections_<std::__1::allocator<void> >, [...], MessageMemoryStrategy<message_info::msg::VisionDetections_<std::__1::allocator<void> >, [...]>>>' for 1st argument\n"}
[1.364478] (main) StderrLine: {'line': b'    shared_ptr& operator=(shared_ptr&& __r) _NOEXCEPT;\n'}
[1.364572] (main) StderrLine: {'line': b'                ^\n'}
[1.364664] (main) StderrLine: {'line': b"/Library/Developer/CommandLineTools/usr/bin/../include/c++/v1/memory:3847:9: note: candidate template ignored: requirement 'is_convertible<rclcpp::Subscription<message_info::msg::RobotCommands_<std::__1::allocator<void> >, std::__1::allocator<void>, rclcpp::message_memory_strategy::MessageMemoryStrategy<message_info::msg::RobotCommands_<std::__1::allocator<void> >, std::__1::allocator<void> > > *, rclcpp::Subscription<message_info::msg::VisionDetections_<std::__1::allocator<void> >, std::__1::allocator<void>, rclcpp::message_memory_strategy::MessageMemoryStrategy<message_info::msg::VisionDetections_<std::__1::allocator<void> >, std::__1::allocator<void> > > *>::value' was not satisfied [with _Yp = rclcpp::Subscription<message_info::msg::RobotCommands_<std::__1::allocator<void> >, std::__1::allocator<void>, rclcpp::message_memory_strategy::MessageMemoryStrategy<message_info::msg::RobotCommands_<std::__1::allocator<void> >, std::__1::allocator<void> > >]\n"}
[1.364769] (main) StderrLine: {'line': b'        operator=(const shared_ptr<_Yp>& __r) _NOEXCEPT;\n'}
[1.364862] (main) StderrLine: {'line': b'        ^\n'}
[1.364952] (main) StderrLine: {'line': b"/Library/Developer/CommandLineTools/usr/bin/../include/c++/v1/memory:3858:9: note: candidate template ignored: requirement 'is_convertible<rclcpp::Subscription<message_info::msg::RobotCommands_<std::__1::allocator<void> >, std::__1::allocator<void>, rclcpp::message_memory_strategy::MessageMemoryStrategy<message_info::msg::RobotCommands_<std::__1::allocator<void> >, std::__1::allocator<void> > > *, rclcpp::Subscription<message_info::msg::VisionDetections_<std::__1::allocator<void> >, std::__1::allocator<void>, rclcpp::message_memory_strategy::MessageMemoryStrategy<message_info::msg::VisionDetections_<std::__1::allocator<void> >, std::__1::allocator<void> > > *>::value' was not satisfied [with _Yp = rclcpp::Subscription<message_info::msg::RobotCommands_<std::__1::allocator<void> >, std::__1::allocator<void>, rclcpp::message_memory_strategy::MessageMemoryStrategy<message_info::msg::RobotCommands_<std::__1::allocator<void> >, std::__1::allocator<void> > >]\n"}
[1.365049] (main) StderrLine: {'line': b'        operator=(shared_ptr<_Yp>&& __r);\n'}
[1.365154] (main) StderrLine: {'line': b'        ^\n'}
[1.365247] (main) StderrLine: {'line': b"/Library/Developer/CommandLineTools/usr/bin/../include/c++/v1/memory:3868:9: note: candidate template ignored: could not match 'auto_ptr' against 'shared_ptr'\n"}
[1.365338] (main) StderrLine: {'line': b'        operator=(auto_ptr<_Yp>&& __r);\n'}
[1.365426] (main) StderrLine: {'line': b'        ^\n'}
[1.365516] (main) StderrLine: {'line': b"/Library/Developer/CommandLineTools/usr/bin/../include/c++/v1/memory:3892:9: note: candidate template ignored: could not match 'unique_ptr' against 'shared_ptr'\n"}
[1.365639] (main) StderrLine: {'line': b'        operator=(unique_ptr<_Yp, _Dp>&& __r);\n'}
[1.365727] (main) StderrLine: {'line': b'        ^\n'}
[1.365811] (main) StderrLine: {'line': b"/Users/mukuyo/RI-AI/src/main/src/main.cpp:24:67: warning: unused parameter 'vision_message' [-Wunused-parameter]\n"}
[1.365914] (main) StderrLine: {'line': b'  void callback(const message_info::msg::RobotCommands::SharedPtr vision_message) {\n'}
[1.365997] (main) StderrLine: {'line': b'                                                                  ^\n'}
[1.442625] (-) TimerEvent: {}
[1.544798] (-) TimerEvent: {}
[1.650129] (-) TimerEvent: {}
[1.750636] (-) TimerEvent: {}
[1.853627] (-) TimerEvent: {}
[1.958912] (-) TimerEvent: {}
[2.060844] (-) TimerEvent: {}
[2.161724] (-) TimerEvent: {}
[2.262338] (-) TimerEvent: {}
[2.367648] (-) TimerEvent: {}
[2.469559] (-) TimerEvent: {}
[2.539230] (main) StderrLine: {'line': b'1 warning and 1 error generated.\n'}
[2.553847] (main) StderrLine: {'line': b'make[2]: *** [CMakeFiles/main.dir/src/main.cpp.o] Error 1\n'}
[2.554305] (main) StderrLine: {'line': b'make[1]: *** [CMakeFiles/main.dir/all] Error 2\n'}
[2.554621] (main) StderrLine: {'line': b'make: *** [all] Error 2\n'}
[2.555611] (main) CommandEnded: {'returncode': 2}
[2.555997] (main) JobEnded: {'identifier': 'main', 'rc': 2}
[2.557368] (-) EventReactorShutdown: {}
