[0.109s] Invoking command in '/Users/mukuyo/Desktop/RI-AI/build/main': AMENT_PREFIX_PATH=/Users/mukuyo/Desktop/RI-AI/install/message_info:${AMENT_PREFIX_PATH} CMAKE_PREFIX_PATH=/Users/mukuyo/Desktop/RI-AI/install/message_info:${CMAKE_PREFIX_PATH} DYLD_LIBRARY_PATH=/Users/mukuyo/Desktop/RI-AI/install/message_info/lib:${DYLD_LIBRARY_PATH} PYTHONPATH=/Users/mukuyo/Desktop/RI-AI/install/message_info/lib/python3.8/site-packages:${PYTHONPATH} SHLVL=2 _=/usr/bin/env /usr/local/bin/cmake --build /Users/mukuyo/Desktop/RI-AI/build/main -- -j8 -l8
[0.468s] Scanning dependencies of target main
[0.613s] [ 66%] Building CXX object CMakeFiles/main.dir/src/main.cpp.o
[0.613s] [ 66%] Building CXX object CMakeFiles/main.dir/src/game.cpp.o
[2.955s] /Users/mukuyo/Desktop/RI-AI/src/main/src/game.cpp:31:16: warning: unused variable 'field_width' [-Wunused-variable]
[2.956s]          float field_width = geometry_message->field_width;
[2.956s]                ^
[8.386s] 1 warning generated.
[8.463s] [100%] Linking CXX executable main
[8.616s] Undefined symbols for architecture x86_64:
[8.616s]   "Goalie::test()", referenced from:
[8.616s]       Game::test() in game.cpp.o
[8.617s] ld: symbol(s) not found for architecture x86_64
[8.618s] clang: error: linker command failed with exit code 1 (use -v to see invocation)
[8.620s] make[2]: *** [main] Error 1
[8.621s] make[1]: *** [CMakeFiles/main.dir/all] Error 2
[8.621s] make: *** [all] Error 2
[8.622s] Invoked command in '/Users/mukuyo/Desktop/RI-AI/build/main' returned '2': AMENT_PREFIX_PATH=/Users/mukuyo/Desktop/RI-AI/install/message_info:${AMENT_PREFIX_PATH} CMAKE_PREFIX_PATH=/Users/mukuyo/Desktop/RI-AI/install/message_info:${CMAKE_PREFIX_PATH} DYLD_LIBRARY_PATH=/Users/mukuyo/Desktop/RI-AI/install/message_info/lib:${DYLD_LIBRARY_PATH} PYTHONPATH=/Users/mukuyo/Desktop/RI-AI/install/message_info/lib/python3.8/site-packages:${PYTHONPATH} SHLVL=2 _=/usr/bin/env /usr/local/bin/cmake --build /Users/mukuyo/Desktop/RI-AI/build/main -- -j8 -l8
