[0.000000] (-) TimerEvent: {}
[0.000455] (main) JobQueued: {'identifier': 'main', 'dependencies': OrderedDict()}
[0.001020] (main) JobStarted: {'identifier': 'main'}
[0.063536] (main) JobProgress: {'identifier': 'main', 'progress': 'cmake'}
[0.064616] (main) JobProgress: {'identifier': 'main', 'progress': 'build'}
[0.065550] (main) Command: {'cmd': ['/usr/local/bin/cmake', '--build', '/Users/mukuyo/RI-AI/src/main/build/main', '--', '-j8', '-l8'], 'cwd': '/Users/mukuyo/RI-AI/src/main/build/main', 'env': OrderedDict([('TERM_PROGRAM', 'Apple_Terminal'), ('SHELL', '/bin/zsh'), ('TERM', 'xterm-256color'), ('TMPDIR', '/var/folders/gd/nzkytg853t71yy2sknch_fh00000gn/T/'), ('TERM_PROGRAM_VERSION', '433'), ('OPENSSL_INCLUDE_DIR', '/usr/local/opt/openssl@1.1'), ('ROS_PYTHON_VERSION', '3'), ('ROS_VERSION', '2'), ('COLCON_PREFIX_PATH', '/Users/mukuyo/RI-AI/install:/Users/mukuyo/ros2_ws/ros2-osx'), ('TERM_SESSION_ID', 'AC5271D7-1864-454A-938E-C13878DEA07A'), ('AMENT_PREFIX_PATH', '/Users/mukuyo/RI-AI/install/sender:/Users/mukuyo/RI-AI/install/reciever:/Users/mukuyo/RI-AI/install/proto_info:/Users/mukuyo/RI-AI/install/main:/Users/mukuyo/RI-AI/install/message_info:/Users/mukuyo/ros2_ws/ros2-osx'), ('USER', 'mukuyo'), ('SSH_AUTH_SOCK', '/private/tmp/com.apple.launchd.9KduaiWhrJ/Listeners'), ('__CF_USER_TEXT_ENCODING', '0x1F5:0x1:0xE'), ('PATH', '/Users/mukuyo/ros2_ws/ros2-osx/bin:/usr/local/opt/python@3.8/bin:/usr/local/bin:/Library/Frameworks/Python.framework/Versions/3.8/bin:/usr/local/bin:/usr/bin:/bin:/usr/sbin:/sbin:/Applications/VMware Fusion.app/Contents/Public:/opt/X11/bin:/Library/Apple/usr/bin'), ('PWD', '/Users/mukuyo/RI-AI/src/main/build/main'), ('COLCON', '1'), ('LANG', 'ja_JP.UTF-8'), ('XPC_FLAGS', '0x0'), ('XPC_SERVICE_NAME', '0'), ('OPENSSL_ROOT_DIR', '/usr/local/opt/openssl@1.1'), ('SHLVL', '2'), ('HOME', '/Users/mukuyo'), ('ROS_DISTRO', 'foxy'), ('DYLD_LIBRARY_PATH', '/Users/mukuyo/RI-AI/install/sender/lib:/Users/mukuyo/RI-AI/install/proto_info/lib:/Users/mukuyo/RI-AI/install/message_info/lib:/Users/mukuyo/ros2_ws/ros2-osx/opt/yaml_cpp_vendor/lib:/Users/mukuyo/ros2_ws/ros2-osx/opt/rviz_ogre_vendor/lib:/Users/mukuyo/ros2_ws/ros2-osx/lib'), ('PYTHONPATH', '/Users/mukuyo/RI-AI/install/sender/lib/python3.8/site-packages:/Users/mukuyo/RI-AI/install/proto_info/lib/python3.8/site-packages:/Users/mukuyo/RI-AI/install/message_info/lib/python3.8/site-packages:/Users/mukuyo/ros2_ws/ros2-osx/lib/python3.8/site-packages'), ('LOGNAME', 'mukuyo'), ('PKG_CONFIG_PATH', '/Users/mukuyo/ros2_ws/ros2-osx/lib/pkgconfig'), ('CMAKE_PREFIX_PATH', '/Users/mukuyo/RI-AI/install/reciever:/Users/mukuyo/RI-AI/install/proto_info:/Users/mukuyo/RI-AI/install/main:/Users/mukuyo/RI-AI/install/message_info:/Users/mukuyo/ros2_ws/ros2-osx:/Users/mukuyo/RI-AI/install/sender'), ('DISPLAY', '/private/tmp/com.apple.launchd.6POVJug0h5/org.macosforge.xquartz:0'), ('ROS_LOCALHOST_ONLY', '0'), ('_', '/usr/bin/env')]), 'shell': False}
[0.101298] (-) TimerEvent: {}
[0.205441] (-) TimerEvent: {}
[0.277991] (main) StdoutLine: {'line': b'Scanning dependencies of target main\n'}
[0.310556] (-) TimerEvent: {}
[0.344484] (main) StdoutLine: {'line': b'[ 50%] Building CXX object CMakeFiles/main.dir/src/main.cpp.o\n'}
[0.415594] (-) TimerEvent: {}
[0.520872] (-) TimerEvent: {}
[0.626181] (-) TimerEvent: {}
[0.728348] (-) TimerEvent: {}
[0.829886] (-) TimerEvent: {}
[0.930284] (-) TimerEvent: {}
[1.033301] (-) TimerEvent: {}
[1.138712] (-) TimerEvent: {}
[1.243882] (-) TimerEvent: {}
[1.314876] (main) StderrLine: {'line': b"/Users/mukuyo/RI-AI/src/main/src/main.cpp:17:20: error: no matching member function for call to 'create_wall_timer'\n"}
[1.315157] (main) StderrLine: {'line': b'    timer_ = this->create_wall_timer(1, std::bind(&Main::timer_callback, this));\n'}
[1.315267] (main) StderrLine: {'line': b'             ~~~~~~^~~~~~~~~~~~~~~~~\n'}
[1.315366] (main) StderrLine: {'line': b"/Users/mukuyo/ros2_ws/ros2-osx/include/rclcpp/node_impl.hpp:109:7: note: candidate template ignored: could not match 'duration<type-parameter-0-0, type-parameter-0-1>' against 'int'\n"}
[1.315463] (main) StderrLine: {'line': b'Node::create_wall_timer(\n'}
[1.315578] (main) StderrLine: {'line': b'      ^\n'}
[1.315863] (main) StderrLine: {'line': b"/Users/mukuyo/RI-AI/src/main/src/main.cpp:24:67: warning: unused parameter 'vision_message' [-Wunused-parameter]\n"}
[1.316012] (main) StderrLine: {'line': b'  void callback(const message_info::msg::RobotCommands::SharedPtr vision_message) {\n'}
[1.316111] (main) StderrLine: {'line': b'                                                                  ^\n'}
[1.348989] (-) TimerEvent: {}
[1.451831] (-) TimerEvent: {}
[1.553731] (-) TimerEvent: {}
[1.655046] (-) TimerEvent: {}
[1.755624] (-) TimerEvent: {}
[1.859356] (-) TimerEvent: {}
[1.960970] (-) TimerEvent: {}
[2.066247] (-) TimerEvent: {}
[2.168116] (-) TimerEvent: {}
[2.273465] (-) TimerEvent: {}
[2.378756] (-) TimerEvent: {}
[2.483133] (-) TimerEvent: {}
[2.542491] (main) StderrLine: {'line': b'1 warning and 1 error generated.\n'}
[2.557774] (main) StderrLine: {'line': b'make[2]: *** [CMakeFiles/main.dir/src/main.cpp.o] Error 1\n'}
[2.558162] (main) StderrLine: {'line': b'make[1]: *** [CMakeFiles/main.dir/all] Error 2\n'}
[2.558429] (main) StderrLine: {'line': b'make: *** [all] Error 2\n'}
[2.559406] (main) CommandEnded: {'returncode': 2}
[2.559910] (main) JobEnded: {'identifier': 'main', 'rc': 2}
[2.561087] (-) EventReactorShutdown: {}
