[0.068s] Invoking command in '/Users/mukuyo/RI-AI/src/main/build/main': CMAKE_PREFIX_PATH=${CMAKE_PREFIX_PATH}:/Users/mukuyo/RI-AI/install/sender SHLVL=2 _=/usr/bin/env /usr/local/bin/cmake --build /Users/mukuyo/RI-AI/src/main/build/main -- -j8 -l8
[0.277s] Scanning dependencies of target main
[0.344s] [ 50%] Building CXX object CMakeFiles/main.dir/src/main.cpp.o
[1.314s] /Users/mukuyo/RI-AI/src/main/src/main.cpp:17:20: error: no matching member function for call to 'create_wall_timer'
[1.314s]     timer_ = this->create_wall_timer(1, std::bind(&Main::timer_callback, this));
[1.314s]              ~~~~~~^~~~~~~~~~~~~~~~~
[1.314s] /Users/mukuyo/ros2_ws/ros2-osx/include/rclcpp/node_impl.hpp:109:7: note: candidate template ignored: could not match 'duration<type-parameter-0-0, type-parameter-0-1>' against 'int'
[1.314s] Node::create_wall_timer(
[1.315s]       ^
[1.315s] /Users/mukuyo/RI-AI/src/main/src/main.cpp:24:67: warning: unused parameter 'vision_message' [-Wunused-parameter]
[1.315s]   void callback(const message_info::msg::RobotCommands::SharedPtr vision_message) {
[1.315s]                                                                   ^
[2.542s] 1 warning and 1 error generated.
[2.557s] make[2]: *** [CMakeFiles/main.dir/src/main.cpp.o] Error 1
[2.557s] make[1]: *** [CMakeFiles/main.dir/all] Error 2
[2.557s] make: *** [all] Error 2
[2.559s] Invoked command in '/Users/mukuyo/RI-AI/src/main/build/main' returned '2': CMAKE_PREFIX_PATH=${CMAKE_PREFIX_PATH}:/Users/mukuyo/RI-AI/install/sender SHLVL=2 _=/usr/bin/env /usr/local/bin/cmake --build /Users/mukuyo/RI-AI/src/main/build/main -- -j8 -l8
