[0.112s] Invoking command in '/Users/mukuyo/Desktop/RI-AI/build/main': AMENT_PREFIX_PATH=/Users/mukuyo/Desktop/RI-AI/install/message_info:${AMENT_PREFIX_PATH} CMAKE_PREFIX_PATH=/Users/mukuyo/Desktop/RI-AI/install/message_info:${CMAKE_PREFIX_PATH} DYLD_LIBRARY_PATH=/Users/mukuyo/Desktop/RI-AI/install/message_info/lib:${DYLD_LIBRARY_PATH} PYTHONPATH=/Users/mukuyo/Desktop/RI-AI/install/message_info/lib/python3.8/site-packages:${PYTHONPATH} SHLVL=2 _=/usr/bin/env /usr/local/bin/cmake --build /Users/mukuyo/Desktop/RI-AI/build/main -- -j8 -l8
[0.505s] Scanning dependencies of target main
[0.640s] [ 20%] Building CXX object CMakeFiles/main.dir/src/main.cpp.o
[0.654s] [ 40%] Building CXX object CMakeFiles/main.dir/src/calculate.cpp.o
[0.656s] [ 60%] Building CXX object CMakeFiles/main.dir/src/game.cpp.o
[2.917s] /Users/mukuyo/Desktop/RI-AI/src/main/src/calculate.cpp:6:13: error: return type of out-of-line definition of 'Calc::degree_improve' differs from that in the declaration
[2.917s] float Calc::degree_improve(float degree){
[2.917s] ~~~~~       ^
[2.917s] /Users/mukuyo/Desktop/RI-AI/src/main/src/calculate.hpp:13:7: note: previous declaration is here
[2.918s]         void degree_improve(float degree);
[2.918s]         ~~~~ ^
[2.918s] /Users/mukuyo/Desktop/RI-AI/src/main/src/calculate.cpp:15:13: error: return type of out-of-line definition of 'Calc::degree_atan2' differs from that in the declaration
[2.918s] float Calc::degree_atan2(geometry_msgs::msg::Pose2D object1, geometry_msgs::msg::Pose2D object2){
[2.918s] ~~~~~       ^
[2.918s] /Users/mukuyo/Desktop/RI-AI/src/main/src/calculate.hpp:15:7: note: previous declaration is here
[2.918s]         void degree_atan2(geometry_msgs::msg::Pose2D object1, geometry_msgs::msg::Pose2D object2);
[2.919s]         ~~~~ ^
[2.931s] /Users/mukuyo/Desktop/RI-AI/src/main/src/calculate.cpp:43:13: error: out-of-line definition of 'distance_calc' does not match any declaration in 'Calc'; did you mean 'distace_calc'?
[2.932s] float Calc::distance_calc(message_info::msg::DetectionBall object1, message_info::msg::DetectionBall object2){
[2.932s]             ^~~~~~~~~~~~~
[2.932s]             distace_calc
[2.932s] /Users/mukuyo/Desktop/RI-AI/src/main/src/calculate.hpp:19:8: note: 'distace_calc' declared here
[2.933s]         float distace_calc(message_info::msg::DetectionBall object1, message_info::msg::DetectionBall object2);
[2.933s]               ^
[2.950s] /Users/mukuyo/Desktop/RI-AI/src/main/src/game.cpp:31:16: warning: unused variable 'field_width' [-Wunused-variable]
[2.950s]          float field_width = geometry_message->field_width;
[2.950s]                ^
[3.507s] 3 errors generated.
[3.524s] make[2]: *** [CMakeFiles/main.dir/src/calculate.cpp.o] Error 1
[3.524s] make[2]: *** Waiting for unfinished jobs....
[8.338s] 1 warning generated.
[8.378s] make[1]: *** [CMakeFiles/main.dir/all] Error 2
[8.378s] make: *** [all] Error 2
[8.380s] Invoked command in '/Users/mukuyo/Desktop/RI-AI/build/main' returned '2': AMENT_PREFIX_PATH=/Users/mukuyo/Desktop/RI-AI/install/message_info:${AMENT_PREFIX_PATH} CMAKE_PREFIX_PATH=/Users/mukuyo/Desktop/RI-AI/install/message_info:${CMAKE_PREFIX_PATH} DYLD_LIBRARY_PATH=/Users/mukuyo/Desktop/RI-AI/install/message_info/lib:${DYLD_LIBRARY_PATH} PYTHONPATH=/Users/mukuyo/Desktop/RI-AI/install/message_info/lib/python3.8/site-packages:${PYTHONPATH} SHLVL=2 _=/usr/bin/env /usr/local/bin/cmake --build /Users/mukuyo/Desktop/RI-AI/build/main -- -j8 -l8
