[0.000000] (-) TimerEvent: {}
[0.000466] (main) JobQueued: {'identifier': 'main', 'dependencies': OrderedDict()}
[0.000948] (main) JobStarted: {'identifier': 'main'}
[0.082694] (main) JobProgress: {'identifier': 'main', 'progress': 'cmake'}
[0.085858] (main) JobProgress: {'identifier': 'main', 'progress': 'build'}
[0.086395] (main) Command: {'cmd': ['/usr/local/bin/cmake', '--build', '/Users/mukuyo/RI-AI/src/main/build/main', '--', '-j8', '-l8'], 'cwd': '/Users/mukuyo/RI-AI/src/main/build/main', 'env': OrderedDict([('TERM_PROGRAM', 'Apple_Terminal'), ('SHELL', '/bin/zsh'), ('TERM', 'xterm-256color'), ('TMPDIR', '/var/folders/gd/nzkytg853t71yy2sknch_fh00000gn/T/'), ('TERM_PROGRAM_VERSION', '433'), ('OPENSSL_INCLUDE_DIR', '/usr/local/opt/openssl@1.1'), ('ROS_PYTHON_VERSION', '3'), ('ROS_VERSION', '2'), ('COLCON_PREFIX_PATH', '/Users/mukuyo/RI-AI/install:/Users/mukuyo/ros2_ws/ros2-osx'), ('TERM_SESSION_ID', 'AC5271D7-1864-454A-938E-C13878DEA07A'), ('AMENT_PREFIX_PATH', '/Users/mukuyo/RI-AI/install/sender:/Users/mukuyo/RI-AI/install/reciever:/Users/mukuyo/RI-AI/install/proto_info:/Users/mukuyo/RI-AI/install/main:/Users/mukuyo/RI-AI/install/message_info:/Users/mukuyo/ros2_ws/ros2-osx'), ('USER', 'mukuyo'), ('SSH_AUTH_SOCK', '/private/tmp/com.apple.launchd.9KduaiWhrJ/Listeners'), ('__CF_USER_TEXT_ENCODING', '0x1F5:0x1:0xE'), ('PATH', '/Users/mukuyo/ros2_ws/ros2-osx/bin:/usr/local/opt/python@3.8/bin:/usr/local/bin:/Library/Frameworks/Python.framework/Versions/3.8/bin:/usr/local/bin:/usr/bin:/bin:/usr/sbin:/sbin:/Applications/VMware Fusion.app/Contents/Public:/opt/X11/bin:/Library/Apple/usr/bin'), ('PWD', '/Users/mukuyo/RI-AI/src/main/build/main'), ('COLCON', '1'), ('LANG', 'ja_JP.UTF-8'), ('XPC_FLAGS', '0x0'), ('XPC_SERVICE_NAME', '0'), ('OPENSSL_ROOT_DIR', '/usr/local/opt/openssl@1.1'), ('SHLVL', '2'), ('HOME', '/Users/mukuyo'), ('ROS_DISTRO', 'foxy'), ('DYLD_LIBRARY_PATH', '/Users/mukuyo/RI-AI/install/sender/lib:/Users/mukuyo/RI-AI/install/proto_info/lib:/Users/mukuyo/RI-AI/install/message_info/lib:/Users/mukuyo/ros2_ws/ros2-osx/opt/yaml_cpp_vendor/lib:/Users/mukuyo/ros2_ws/ros2-osx/opt/rviz_ogre_vendor/lib:/Users/mukuyo/ros2_ws/ros2-osx/lib'), ('PYTHONPATH', '/Users/mukuyo/RI-AI/install/sender/lib/python3.8/site-packages:/Users/mukuyo/RI-AI/install/proto_info/lib/python3.8/site-packages:/Users/mukuyo/RI-AI/install/message_info/lib/python3.8/site-packages:/Users/mukuyo/ros2_ws/ros2-osx/lib/python3.8/site-packages'), ('LOGNAME', 'mukuyo'), ('PKG_CONFIG_PATH', '/Users/mukuyo/ros2_ws/ros2-osx/lib/pkgconfig'), ('CMAKE_PREFIX_PATH', '/Users/mukuyo/RI-AI/install/reciever:/Users/mukuyo/RI-AI/install/proto_info:/Users/mukuyo/RI-AI/install/main:/Users/mukuyo/RI-AI/install/message_info:/Users/mukuyo/ros2_ws/ros2-osx:/Users/mukuyo/RI-AI/install/sender'), ('DISPLAY', '/private/tmp/com.apple.launchd.6POVJug0h5/org.macosforge.xquartz:0'), ('ROS_LOCALHOST_ONLY', '0'), ('_', '/usr/bin/env')]), 'shell': False}
[0.102087] (-) TimerEvent: {}
[0.204822] (-) TimerEvent: {}
[0.292258] (main) StdoutLine: {'line': b'Scanning dependencies of target main\n'}
[0.305934] (-) TimerEvent: {}
[0.359225] (main) StdoutLine: {'line': b'[ 50%] Building CXX object CMakeFiles/main.dir/src/main.cpp.o\n'}
[0.409985] (-) TimerEvent: {}
[0.514710] (-) TimerEvent: {}
[0.620129] (-) TimerEvent: {}
[0.725474] (-) TimerEvent: {}
[0.827971] (-) TimerEvent: {}
[0.928277] (-) TimerEvent: {}
[1.031230] (-) TimerEvent: {}
[1.132039] (-) TimerEvent: {}
[1.237367] (-) TimerEvent: {}
[1.318203] (main) StderrLine: {'line': b'/Users/mukuyo/RI-AI/src/main/src/main.cpp:17:39: error: no matching literal operator for call to \'operator""s\' with argument of type \'unsigned long long\' or \'const char *\', and no matching literal operator template\n'}
[1.318470] (main) StderrLine: {'line': b'    timer_ = this->create_wall_timer(1s, std::bind(&Main::timer_callback, this));\n'}
[1.318581] (main) StderrLine: {'line': b'                                      ^\n'}
[1.322419] (main) StderrLine: {'line': b"/Users/mukuyo/RI-AI/src/main/src/main.cpp:24:67: warning: unused parameter 'vision_message' [-Wunused-parameter]\n"}
[1.322635] (main) StderrLine: {'line': b'  void callback(const message_info::msg::RobotCommands::SharedPtr vision_message) {\n'}
[1.322737] (main) StderrLine: {'line': b'                                                                  ^\n'}
[1.341075] (-) TimerEvent: {}
[1.446374] (-) TimerEvent: {}
[1.551671] (-) TimerEvent: {}
[1.652179] (-) TimerEvent: {}
[1.754236] (-) TimerEvent: {}
[1.858842] (-) TimerEvent: {}
[1.960961] (-) TimerEvent: {}
[2.066356] (-) TimerEvent: {}
[2.168149] (-) TimerEvent: {}
[2.273385] (-) TimerEvent: {}
[2.377858] (-) TimerEvent: {}
[2.479880] (-) TimerEvent: {}
[2.552223] (main) StderrLine: {'line': b'1 warning and 1 error generated.\n'}
[2.567426] (main) StderrLine: {'line': b'make[2]: *** [CMakeFiles/main.dir/src/main.cpp.o] Error 1\n'}
[2.567951] (main) StderrLine: {'line': b'make[1]: *** [CMakeFiles/main.dir/all] Error 2\n'}
[2.568332] (main) StderrLine: {'line': b'make: *** [all] Error 2\n'}
[2.569985] (main) CommandEnded: {'returncode': 2}
[2.570544] (main) JobEnded: {'identifier': 'main', 'rc': 2}
[2.582163] (-) TimerEvent: {}
[2.583557] (-) EventReactorShutdown: {}
