[0.102s] Invoking command in '/Users/mukuyo/Desktop/RI-AI/build/main': CMAKE_PREFIX_PATH=/Users/mukuyo/Desktop/RI-AI/install/message_info:/Users/mukuyo/Desktop/RI-AI/install/sender:/Users/mukuyo/Desktop/RI-AI/install/reciever:/Users/mukuyo/Desktop/RI-AI/install/proto_info:/Users/mukuyo/Desktop/RI-AI/install/main:/Users/mukuyo/ros2_ws/ros2-osx DYLD_LIBRARY_PATH=/Users/mukuyo/Desktop/RI-AI/install/message_info/lib:/Users/mukuyo/Desktop/RI-AI/install/sender/lib:/Users/mukuyo/Desktop/RI-AI/install/proto_info/lib:/Users/mukuyo/ros2_ws/ros2-osx/opt/yaml_cpp_vendor/lib:/Users/mukuyo/ros2_ws/ros2-osx/opt/rviz_ogre_vendor/lib:/Users/mukuyo/ros2_ws/ros2-osx/lib PYTHONPATH=/Users/mukuyo/Desktop/RI-AI/install/message_info/lib/python3.8/site-packages:/Users/mukuyo/Desktop/RI-AI/install/sender/lib/python3.8/site-packages:/Users/mukuyo/Desktop/RI-AI/install/proto_info/lib/python3.8/site-packages:/Users/mukuyo/ros2_ws/ros2-osx/lib/python3.8/site-packages SHLVL=2 _=/usr/bin/env /usr/local/bin/cmake --build /Users/mukuyo/Desktop/RI-AI/build/main -- -j8 -l8
[0.517s] Scanning dependencies of target main
[0.722s] [ 33%] Building CXX object CMakeFiles/main.dir/src/game.cpp.o
[0.723s] [ 66%] Building CXX object CMakeFiles/main.dir/src/main.cpp.o
[2.914s] In file included from /Users/mukuyo/Desktop/RI-AI/src/main/src/main.cpp:2:
[2.914s] In file included from /Users/mukuyo/Desktop/RI-AI/src/main/src/game.hpp:17:
[2.914s] /Users/mukuyo/Desktop/RI-AI/src/main/src/goalie.hpp:4:23: error: expected class name
[2.914s] class Goalie : public Game{
[2.914s]                       ^
[2.947s] In file included from /Users/mukuyo/Desktop/RI-AI/src/main/src/game.cpp:6:
[2.947s] In file included from /Users/mukuyo/Desktop/RI-AI/src/main/src/game.hpp:17:
[2.947s] /Users/mukuyo/Desktop/RI-AI/src/main/src/goalie.hpp:4:23: error: expected class name
[2.947s] class Goalie : public Game{
[2.947s]                       ^
[2.974s] /Users/mukuyo/Desktop/RI-AI/src/main/src/game.cpp:31:16: warning: unused variable 'field_width' [-Wunused-variable]
[2.975s]          float field_width = geometry_message->field_width;
[2.975s]                ^
[3.389s] 1 error generated.
[3.405s] make[2]: *** [CMakeFiles/main.dir/src/main.cpp.o] Error 1
[3.405s] make[2]: *** Waiting for unfinished jobs....
[5.173s] 1 warning and 1 error generated.
[5.201s] make[2]: *** [CMakeFiles/main.dir/src/game.cpp.o] Error 1
[5.202s] make[1]: *** [CMakeFiles/main.dir/all] Error 2
[5.202s] make: *** [all] Error 2
[5.204s] Invoked command in '/Users/mukuyo/Desktop/RI-AI/build/main' returned '2': CMAKE_PREFIX_PATH=/Users/mukuyo/Desktop/RI-AI/install/message_info:/Users/mukuyo/Desktop/RI-AI/install/sender:/Users/mukuyo/Desktop/RI-AI/install/reciever:/Users/mukuyo/Desktop/RI-AI/install/proto_info:/Users/mukuyo/Desktop/RI-AI/install/main:/Users/mukuyo/ros2_ws/ros2-osx DYLD_LIBRARY_PATH=/Users/mukuyo/Desktop/RI-AI/install/message_info/lib:/Users/mukuyo/Desktop/RI-AI/install/sender/lib:/Users/mukuyo/Desktop/RI-AI/install/proto_info/lib:/Users/mukuyo/ros2_ws/ros2-osx/opt/yaml_cpp_vendor/lib:/Users/mukuyo/ros2_ws/ros2-osx/opt/rviz_ogre_vendor/lib:/Users/mukuyo/ros2_ws/ros2-osx/lib PYTHONPATH=/Users/mukuyo/Desktop/RI-AI/install/message_info/lib/python3.8/site-packages:/Users/mukuyo/Desktop/RI-AI/install/sender/lib/python3.8/site-packages:/Users/mukuyo/Desktop/RI-AI/install/proto_info/lib/python3.8/site-packages:/Users/mukuyo/ros2_ws/ros2-osx/lib/python3.8/site-packages SHLVL=2 _=/usr/bin/env /usr/local/bin/cmake --build /Users/mukuyo/Desktop/RI-AI/build/main -- -j8 -l8
