[0.092s] Invoking command in '/Users/mukuyo/RI-AI/src/main/build/main': CMAKE_PREFIX_PATH=${CMAKE_PREFIX_PATH}:/Users/mukuyo/RI-AI/install/sender SHLVL=2 _=/usr/bin/env /usr/local/bin/cmake /Users/mukuyo/RI-AI/src/main -DCMAKE_INSTALL_PREFIX=/Users/mukuyo/RI-AI/src/main/install/main
[1.033s] -- The C compiler identification is AppleClang 11.0.3.11030032
[1.160s] -- The CXX compiler identification is AppleClang 11.0.3.11030032
[1.199s] -- Check for working C compiler: /Library/Developer/CommandLineTools/usr/bin/cc
[1.594s] -- Check for working C compiler: /Library/Developer/CommandLineTools/usr/bin/cc -- works
[1.598s] -- Detecting C compiler ABI info
[1.908s] -- Detecting C compiler ABI info - done
[1.919s] -- Detecting C compile features
[1.920s] -- Detecting C compile features - done
[1.928s] -- Check for working CXX compiler: /Library/Developer/CommandLineTools/usr/bin/c++
[2.235s] -- Check for working CXX compiler: /Library/Developer/CommandLineTools/usr/bin/c++ -- works
[2.237s] -- Detecting CXX compiler ABI info
[2.548s] -- Detecting CXX compiler ABI info - done
[2.558s] -- Detecting CXX compile features
[2.559s] -- Detecting CXX compile features - done
[2.583s] -- Found ament_cmake: 0.9.5 (/Users/mukuyo/ros2_ws/ros2-osx/share/ament_cmake/cmake)
[2.671s] -- Found PythonInterp: /usr/local/opt/python@3.8/bin/python3 (found suitable version "3.8.3", minimum required is "3") 
[2.672s] -- Using PYTHON_EXECUTABLE: /usr/local/opt/python@3.8/bin/python3
[3.113s] -- Found rclcpp: 2.0.0 (/Users/mukuyo/ros2_ws/ros2-osx/share/rclcpp/cmake)
[3.248s] -- Using all available rosidl_typesupport_c: rosidl_typesupport_connext_c;rosidl_typesupport_fastrtps_c;rosidl_typesupport_introspection_c
[3.284s] -- Found rosidl_adapter: 1.0.1 (/Users/mukuyo/ros2_ws/ros2-osx/share/rosidl_adapter/cmake)
[3.365s] -- Could not find RTI Connext - skipping rosidl_typesupport_connext_c
[3.433s] -- Could not find RTI Connext - skipping rosidl_typesupport_connext_cpp
[4.405s] -- Found OpenSSL: /usr/local/opt/openssl@1.1/lib/libcrypto.dylib (found version "1.1.1g")  
[4.557s] -- Found FastRTPS: /Users/mukuyo/ros2_ws/ros2-osx/include  
[4.819s] -- Using all available rosidl_typesupport_cpp: rosidl_typesupport_connext_cpp;rosidl_typesupport_fastrtps_cpp;rosidl_typesupport_introspection_cpp
[4.991s] -- Found rmw_implementation_cmake: 1.0.1 (/Users/mukuyo/ros2_ws/ros2-osx/share/rmw_implementation_cmake/cmake)
[4.995s] -- Using RMW implementation 'rmw_fastrtps_cpp' as default
[5.000s] -- Looking for pthread.h
[5.385s] -- Looking for pthread.h - found
[5.385s] -- Performing Test CMAKE_HAVE_LIBC_PTHREAD
[5.746s] -- Performing Test CMAKE_HAVE_LIBC_PTHREAD - Success
[5.747s] -- Found Threads: TRUE  
[5.978s] -- Found message_info: 0.0.0 (/Users/mukuyo/RI-AI/install/message_info/share/message_info/cmake)
[6.474s] -- Found ament_lint_auto: 0.9.4 (/Users/mukuyo/ros2_ws/ros2-osx/share/ament_lint_auto/cmake)
[6.698s] -- Added test 'copyright' to check source files copyright and LICENSE
[6.713s] -- Added test 'cppcheck' to perform static code analysis on C / C++ code
[6.713s] -- Configured cppcheck include dirs: 
[6.714s] -- Configured cppcheck exclude dirs and/or files: 
[6.728s] -- Added test 'cpplint' to check C / C++ code against the Google style
[6.729s] -- Configured cpplint exclude dirs and/or files: 
[6.737s] -- Added test 'lint_cmake' to check CMake code style
[6.766s] -- Added test 'uncrustify' to check C / C++ code style
[6.766s] -- Configured uncrustify additional arguments: 
[6.774s] -- Added test 'xmllint' to check XML markup files
[6.796s] -- Configuring done
[6.826s] -- Generating done
[6.832s] -- Build files have been written to: /Users/mukuyo/RI-AI/src/main/build/main
[6.847s] Invoked command in '/Users/mukuyo/RI-AI/src/main/build/main' returned '0': CMAKE_PREFIX_PATH=${CMAKE_PREFIX_PATH}:/Users/mukuyo/RI-AI/install/sender SHLVL=2 _=/usr/bin/env /usr/local/bin/cmake /Users/mukuyo/RI-AI/src/main -DCMAKE_INSTALL_PREFIX=/Users/mukuyo/RI-AI/src/main/install/main
[6.863s] Invoking command in '/Users/mukuyo/RI-AI/src/main/build/main': CMAKE_PREFIX_PATH=${CMAKE_PREFIX_PATH}:/Users/mukuyo/RI-AI/install/sender SHLVL=2 _=/usr/bin/env /usr/local/bin/cmake --build /Users/mukuyo/RI-AI/src/main/build/main -- -j8 -l8
[7.267s] Scanning dependencies of target main
[7.339s] [ 50%] Building CXX object CMakeFiles/main.dir/src/main.cpp.o
[8.593s] /Users/mukuyo/RI-AI/src/main/src/main.cpp:16:16: error: no viable overloaded '='
[8.593s]     subscriber = this->create_subscription<message_info::msg::VisionDetections>("vision_detections",10,std::bind(&Main::callback,this,std::placeholders::_1));
[8.593s]     ~~~~~~~~~~ ^ ~~~~~~~~~~~~~~~~~~~~~~~~~~~~~~~~~~~~~~~~~~~~~~~~~~~~~~~~~~~~~~~~~~~~~~~~~~~~~~~~~~~~~~~~~~~~~~~~~~~~~~~~~~~~~~~~~~~~~~~~~~~~~~~~~~~~~~~~~~~~
[8.597s] /Library/Developer/CommandLineTools/usr/bin/../include/c++/v1/memory:3839:17: note: candidate function not viable: no known conversion from 'shared_ptr<Subscription<message_info::msg::RobotCommands_<std::__1::allocator<void> >, [...], MessageMemoryStrategy<message_info::msg::RobotCommands_<std::__1::allocator<void> >, [...]>>>' to 'const shared_ptr<Subscription<message_info::msg::VisionDetections_<std::__1::allocator<void> >, [...], MessageMemoryStrategy<message_info::msg::VisionDetections_<std::__1::allocator<void> >, [...]>>>' for 1st argument
[8.597s]     shared_ptr& operator=(const shared_ptr& __r) _NOEXCEPT;
[8.597s]                 ^
[8.597s] /Library/Developer/CommandLineTools/usr/bin/../include/c++/v1/memory:3850:17: note: candidate function not viable: no known conversion from 'shared_ptr<Subscription<message_info::msg::RobotCommands_<std::__1::allocator<void> >, [...], MessageMemoryStrategy<message_info::msg::RobotCommands_<std::__1::allocator<void> >, [...]>>>' to 'shared_ptr<Subscription<message_info::msg::VisionDetections_<std::__1::allocator<void> >, [...], MessageMemoryStrategy<message_info::msg::VisionDetections_<std::__1::allocator<void> >, [...]>>>' for 1st argument
[8.598s]     shared_ptr& operator=(shared_ptr&& __r) _NOEXCEPT;
[8.598s]                 ^
[8.598s] /Library/Developer/CommandLineTools/usr/bin/../include/c++/v1/memory:3847:9: note: candidate template ignored: requirement 'is_convertible<rclcpp::Subscription<message_info::msg::RobotCommands_<std::__1::allocator<void> >, std::__1::allocator<void>, rclcpp::message_memory_strategy::MessageMemoryStrategy<message_info::msg::RobotCommands_<std::__1::allocator<void> >, std::__1::allocator<void> > > *, rclcpp::Subscription<message_info::msg::VisionDetections_<std::__1::allocator<void> >, std::__1::allocator<void>, rclcpp::message_memory_strategy::MessageMemoryStrategy<message_info::msg::VisionDetections_<std::__1::allocator<void> >, std::__1::allocator<void> > > *>::value' was not satisfied [with _Yp = rclcpp::Subscription<message_info::msg::RobotCommands_<std::__1::allocator<void> >, std::__1::allocator<void>, rclcpp::message_memory_strategy::MessageMemoryStrategy<message_info::msg::RobotCommands_<std::__1::allocator<void> >, std::__1::allocator<void> > >]
[8.599s]         operator=(const shared_ptr<_Yp>& __r) _NOEXCEPT;
[8.599s]         ^
[8.599s] /Library/Developer/CommandLineTools/usr/bin/../include/c++/v1/memory:3858:9: note: candidate template ignored: requirement 'is_convertible<rclcpp::Subscription<message_info::msg::RobotCommands_<std::__1::allocator<void> >, std::__1::allocator<void>, rclcpp::message_memory_strategy::MessageMemoryStrategy<message_info::msg::RobotCommands_<std::__1::allocator<void> >, std::__1::allocator<void> > > *, rclcpp::Subscription<message_info::msg::VisionDetections_<std::__1::allocator<void> >, std::__1::allocator<void>, rclcpp::message_memory_strategy::MessageMemoryStrategy<message_info::msg::VisionDetections_<std::__1::allocator<void> >, std::__1::allocator<void> > > *>::value' was not satisfied [with _Yp = rclcpp::Subscription<message_info::msg::RobotCommands_<std::__1::allocator<void> >, std::__1::allocator<void>, rclcpp::message_memory_strategy::MessageMemoryStrategy<message_info::msg::RobotCommands_<std::__1::allocator<void> >, std::__1::allocator<void> > >]
[8.599s]         operator=(shared_ptr<_Yp>&& __r);
[8.599s]         ^
[8.599s] /Library/Developer/CommandLineTools/usr/bin/../include/c++/v1/memory:3868:9: note: candidate template ignored: could not match 'auto_ptr' against 'shared_ptr'
[8.599s]         operator=(auto_ptr<_Yp>&& __r);
[8.599s]         ^
[8.599s] /Library/Developer/CommandLineTools/usr/bin/../include/c++/v1/memory:3892:9: note: candidate template ignored: could not match 'unique_ptr' against 'shared_ptr'
[8.600s]         operator=(unique_ptr<_Yp, _Dp>&& __r);
[8.600s]         ^
[8.600s] /Users/mukuyo/RI-AI/src/main/src/main.cpp:17:39: error: no matching literal operator for call to 'operator""s' with argument of type 'unsigned long long' or 'const char *', and no matching literal operator template
[8.600s]     timer_ = this->create_wall_timer(1s, std::bind(&Main::timer_callback, this));
[8.600s]                                       ^
[8.605s] /Users/mukuyo/RI-AI/src/main/src/main.cpp:25:57: error: no member named 'frames' in 'message_info::msg::RobotCommands_<std::__1::allocator<void> >'
[8.606s]     RCLCPP_INFO(this->get_logger(),"%f",vision_message->frames[0].balls[0].pose.x);
[8.606s]                                         ~~~~~~~~~~~~~~  ^
[8.606s] /Users/mukuyo/ros2_ws/ros2-osx/include/rclcpp/logging.hpp:545:35: note: expanded from macro 'RCLCPP_INFO'
[8.606s]         RCLCPP_ALL_BUT_FIRST_ARGS(__VA_ARGS__,"")); \
[8.606s]                                   ^~~~~~~~~~~
[8.606s] /Users/mukuyo/ros2_ws/ros2-osx/include/rclcpp/logging.hpp:36:43: note: expanded from macro 'RCLCPP_ALL_BUT_FIRST_ARGS'
[8.607s] #define RCLCPP_ALL_BUT_FIRST_ARGS(N, ...) __VA_ARGS__
[8.607s]                                           ^~~~~~~~~~~
[8.607s] /Users/mukuyo/ros2_ws/ros2-osx/include/rcutils/logging_macros.h:503:5: note: expanded from macro 'RCUTILS_LOG_INFO_NAMED'
[8.607s]     __VA_ARGS__)
[8.607s]     ^~~~~~~~~~~
[8.607s] /Users/mukuyo/ros2_ws/ros2-osx/include/rcutils/logging_macros.h:72:64: note: expanded from macro 'RCUTILS_LOG_COND_NAMED'
[8.607s]       rcutils_log(&__rcutils_logging_location, severity, name, __VA_ARGS__); \
[8.607s]                                                                ^~~~~~~~~~~
[9.746s] 3 errors generated.
[9.761s] make[2]: *** [CMakeFiles/main.dir/src/main.cpp.o] Error 1
[9.762s] make[1]: *** [CMakeFiles/main.dir/all] Error 2
[9.762s] make: *** [all] Error 2
[9.764s] Invoked command in '/Users/mukuyo/RI-AI/src/main/build/main' returned '2': CMAKE_PREFIX_PATH=${CMAKE_PREFIX_PATH}:/Users/mukuyo/RI-AI/install/sender SHLVL=2 _=/usr/bin/env /usr/local/bin/cmake --build /Users/mukuyo/RI-AI/src/main/build/main -- -j8 -l8
